<?xml version="1.0" encoding="utf-8"?><testsuites name="pytest tests"><testsuite name="pytest" errors="0" failures="0" skipped="0" tests="3" time="10.266" timestamp="2025-08-19T10:33:02.418070-04:00" hostname="kevin-MS-7C91"><testcase classname="tests.unit.test_transforms_presets" name="test_transforms_presets_import" time="0.010" /><testcase classname="tests.unit.test_transforms_presets" name="test_brats_like_transforms_run" time="0.006" /><testcase classname="tests.unit.test_transforms_presets" name="test_ct_liver_transforms_run" time="0.003" /></testsuite></testsuites>